<?xml version="1.0" encoding="utf-8"?><testsuites><testsuite name="pytest" errors="0" failures="0" skipped="0" tests="5" time="0.055" timestamp="2025-02-06T12:48:12.865160-05:00" hostname="Alienware"><testcase classname="tests.sportscar.body.test_body.BodyTests" name="test_body" time="0.001" /><testcase classname="tests.sportscar.body.test_body.BodyTests" name="test_bumper" time="0.001" /><testcase classname="tests.sportscar.body.test_body.BodyTests" name="test_windshield" time="0.001" /><testcase classname="tests.sportscar.computer_system.test_computer_system" name="test_computer_system" time="0.001" /><testcase classname="tests.sportscar.engine.test_engine" name="test_engine" time="0.001" /></testsuite></testsuites>